********************************************************************************
DUPLICATOR-LITE PACKAGE-LOG: 25th July 2019 11:11 pm
NOTICE: Do NOT post to public sites or forums 
********************************************************************************
VERSION:	1.3.18
WORDPRESS:	5.2.2
PHP INFO:	7.2.1 | SAPI: apache2handler
SERVER:		Apache/2.4.29 (Win32) OpenSSL/1.1.0g PHP/7.2.1 
PHP TIME LIMIT: (0) no time limit imposed 
PHP MAX MEMORY: 4294967296 (256M default) 
MEMORY STACK: 2MB

********************************************************************************
DATABASE:
********************************************************************************
BUILD MODE:   MYSQLDUMP
MYSQLTIMEOUT: 5000
MYSQLDUMP:    Is Supported
SQL CREATED: 20190727_eugenegerber___Initial_bf1093fc936e5ba77909_20190725231140_database.sql
SQL FILE SIZE: 2.19MB (2296391)
SQL FILE TIME: 2019-07-25 23:12:07
SQL RUNTIME: 10.57 sec.

********************************************************************************
ARCHIVE Type=DUP Mode=DupArchive
********************************************************************************
ARCHIVE DIR:  D:/xampp/htdocs/WordPress/Portfolio
ARCHIVE FILE: 20190727_eugenegerber___Initial_bf1093fc936e5ba77909_20190725231140_archive.daf
FILTERS: *OFF*
DIRS:
	not set
FILES:
	not set
EXTS:  not set
----------------------------------------
COMPRESSING
SIZE:	134.3MB
STATS:	Dirs 786 | Files 5,668 | Total 6,454
building installer
add_extra_files1
add_extra_files2
add_extra_files3
add_extra_files4
Doing archive file check
add_extra_files5
add_extra_files6
add_extra_files7
add_extra_files_using_da1
Adding enhanced installer files to archive using DupArchive
COMPRESSED SIZE: 57.06MB
ARCHIVE RUNTIME: 32.27 sec.
MEMORY STACK: 4MB
CREATE WARNINGS: No warnings.
VALIDATION WARNINGS: No warnings.

********************************************************************************
INTEGRITY CHECKS:
********************************************************************************
SQL FILE: 2.19MB
INSTALLER FILE: 73.25KB
ARCHIVE FILE: 57.06MB 
EXPECTED FILE/DIRECTORY COUNT: 6,633
ACTUAL FILE/DIRECTORY COUNT: 6,633

********************************************************************************
RECORD ID:[1]
TOTAL PROCESS RUNTIME: 32.43 sec.
PEAK PHP MEMORY USED: 4MB
DONE PROCESSING => 20190727_eugenegerber___Initial 2019-07-25 23:12:29

